<?xml version="1.0" encoding="UTF-8"?>
<testsuite name="switchCaseTest" tests="1" skipped="0" failures="0" errors="0" timestamp="2022-12-09T08:32:47" hostname="LAPTOP-49MSA4BS" time="0.023">
  <properties/>
  <testcase name="exampleOfSwitchTest()" classname="switchCaseTest" time="0.023"/>
  <system-out><![CDATA[]]></system-out>
  <system-err><![CDATA[]]></system-err>
</testsuite>
